<?xml version="1.0" encoding="UTF-8"?>
<testsuite xmlns:xsi="http://www.w3.org/2001/XMLSchema-instance" xsi:noNamespaceSchemaLocation="https://maven.apache.org/surefire/maven-surefire-plugin/xsd/surefire-test-report.xsd" name="online_tusur.unit_online_tusur.StudentStaticTest" time="0.036" tests="10" errors="0" skipped="0" failures="10">
  <properties>
[...]
</properties>
  <testcase name="setLastNameNG" classname="online_tusur.unit_online_tusur.StudentStaticTest" time="0.015">
    <failure message="expected: &lt;mashina&gt; but was: &lt;Mashina&gt;" type="org.opentest4j.AssertionFailedError"><![CDATA[org.opentest4j.AssertionFailedError: expected: <mashina> but was: <Mashina>
	at online_tusur.unit_online_tusur.StudentStaticTest.setLastNameNG(StudentStaticTest.java:93)
]]></failure>
  </testcase>
  <testcase name="getFirstNameNG" classname="online_tusur.unit_online_tusur.StudentStaticTest" time="0">
    <failure message="expected: &lt;petr&gt; but was: &lt;Petr&gt;" type="org.opentest4j.AssertionFailedError"><![CDATA[org.opentest4j.AssertionFailedError: expected: <petr> but was: <Petr>
	at online_tusur.unit_online_tusur.StudentStaticTest.getFirstNameNG(StudentStaticTest.java:33)
]]></failure>
  </testcase>
  <testcase name="getFullNameNG" classname="online_tusur.unit_online_tusur.StudentStaticTest" time="0.001">
    <failure message="expected: &lt;Petrov petr&gt; but was: &lt;Petrov Petr&gt;" type="org.opentest4j.AssertionFailedError"><![CDATA[org.opentest4j.AssertionFailedError: expected: <Petrov petr> but was: <Petrov Petr>
	at online_tusur.unit_online_tusur.StudentStaticTest.getFullNameNG(StudentStaticTest.java:137)
]]></failure>
  </testcase>
  <testcase name="setFirstNameNG2" classname="online_tusur.unit_online_tusur.StudentStaticTest" time="0.001">
    <failure message="expected: &lt;Masha Angella&gt; but was: &lt;Masha angella&gt;" type="org.opentest4j.AssertionFailedError"><![CDATA[org.opentest4j.AssertionFailedError: expected: <Masha Angella> but was: <Masha angella>
	at online_tusur.unit_online_tusur.StudentStaticTest.setFirstNameNG2(StudentStaticTest.java:61)
]]></failure>
  </testcase>
  <testcase name="maxAgeNG" classname="online_tusur.unit_online_tusur.StudentStaticTest" time="0.001">
    <failure message="expected: &lt;50&gt; but was: &lt;18&gt;" type="org.opentest4j.AssertionFailedError"><![CDATA[org.opentest4j.AssertionFailedError: expected: <50> but was: <18>
	at online_tusur.unit_online_tusur.StudentStaticTest.maxAgeNG(StudentStaticTest.java:184)
]]></failure>
  </testcase>
  <testcase name="setFirstNameNG" classname="online_tusur.unit_online_tusur.StudentStaticTest" time="0.001">
    <failure message="expected: &lt;masha&gt; but was: &lt;Masha&gt;" type="org.opentest4j.AssertionFailedError"><![CDATA[org.opentest4j.AssertionFailedError: expected: <masha> but was: <Masha>
	at online_tusur.unit_online_tusur.StudentStaticTest.setFirstNameNG(StudentStaticTest.java:51)
]]></failure>
  </testcase>
  <testcase name="setAgeNG" classname="online_tusur.unit_online_tusur.StudentStaticTest" time="0.001">
    <failure message="expected: &lt;10&gt; but was: &lt;18&gt;" type="org.opentest4j.AssertionFailedError"><![CDATA[org.opentest4j.AssertionFailedError: expected: <10> but was: <18>
	at online_tusur.unit_online_tusur.StudentStaticTest.setAgeNG(StudentStaticTest.java:129)
]]></failure>
  </testcase>
  <testcase name="getLastNameNG" classname="online_tusur.unit_online_tusur.StudentStaticTest" time="0.001">
    <failure message="expected: &lt;petrov&gt; but was: &lt;Petrov&gt;" type="org.opentest4j.AssertionFailedError"><![CDATA[org.opentest4j.AssertionFailedError: expected: <petrov> but was: <Petrov>
	at online_tusur.unit_online_tusur.StudentStaticTest.getLastNameNG(StudentStaticTest.java:76)
]]></failure>
  </testcase>
  <testcase name="avgAgeNG" classname="online_tusur.unit_online_tusur.StudentStaticTest" time="0.001">
    <failure message="expected: &lt;28&gt; but was: &lt;18&gt;" type="org.opentest4j.AssertionFailedError"><![CDATA[org.opentest4j.AssertionFailedError: expected: <28> but was: <18>
	at online_tusur.unit_online_tusur.StudentStaticTest.avgAgeNG(StudentStaticTest.java:160)
]]></failure>
  </testcase>
  <testcase name="getAgeNG" classname="online_tusur.unit_online_tusur.StudentStaticTest" time="0">
    <failure message="expected: &lt;52&gt; but was: &lt;18&gt;" type="org.opentest4j.AssertionFailedError"><![CDATA[org.opentest4j.AssertionFailedError: expected: <52> but was: <18>
	at online_tusur.unit_online_tusur.StudentStaticTest.getAgeNG(StudentStaticTest.java:109)
]]></failure>
  </testcase>
</testsuite>