<?xml version="1.0" encoding="UTF-8"?>
<testsuite xmlns:xsi="http://www.w3.org/2001/XMLSchema-instance" xsi:noNamespaceSchemaLocation="https://maven.apache.org/surefire/maven-surefire-plugin/xsd/surefire-test-report.xsd" name="online_tusur.unit_online_tusur.StudentStaticTest" time="0.036" tests="10" errors="0" skipped="0" failures="10">
  <properties>
    <property name="sun.desktop" value="windows"/>
    <property name="awt.toolkit" value="sun.awt.windows.WToolkit"/>
    <property name="file.encoding.pkg" value="sun.io"/>
    <property name="java.specification.version" value="1.8"/>
    <property name="sun.cpu.isalist" value="amd64"/>
    <property name="sun.jnu.encoding" value="Cp1251"/>
    <property name="java.class.path" value="C:\IdeaProjects\TUSUR_JAVA\unit_online_tusur\target\test-classes;C:\IdeaProjects\TUSUR_JAVA\unit_online_tusur\target\classes;C:\Users\090\.m2\repository\org\junit\jupiter\junit-jupiter\5.9.0\junit-jupiter-5.9.0.jar;C:\Users\090\.m2\repository\org\junit\jupiter\junit-jupiter-api\5.9.0\junit-jupiter-api-5.9.0.jar;C:\Users\090\.m2\repository\org\opentest4j\opentest4j\1.2.0\opentest4j-1.2.0.jar;C:\Users\090\.m2\repository\org\junit\platform\junit-platform-commons\1.9.0\junit-platform-commons-1.9.0.jar;C:\Users\090\.m2\repository\org\apiguardian\apiguardian-api\1.1.2\apiguardian-api-1.1.2.jar;C:\Users\090\.m2\repository\org\junit\jupiter\junit-jupiter-engine\5.9.0\junit-jupiter-engine-5.9.0.jar;C:\Users\090\.m2\repository\org\junit\platform\junit-platform-engine\1.9.0\junit-platform-engine-1.9.0.jar;C:\Users\090\.m2\repository\org\junit\jupiter\junit-jupiter-params\5.9.0\junit-jupiter-params-5.9.0.jar;C:\Users\090\.m2\repository\org\junit\platform\junit-platform-runner\1.9.1\junit-platform-runner-1.9.1.jar;C:\Users\090\.m2\repository\junit\junit\4.13.2\junit-4.13.2.jar;C:\Users\090\.m2\repository\org\hamcrest\hamcrest-core\1.3\hamcrest-core-1.3.jar;C:\Users\090\.m2\repository\org\junit\platform\junit-platform-launcher\1.9.1\junit-platform-launcher-1.9.1.jar;C:\Users\090\.m2\repository\org\junit\platform\junit-platform-suite-api\1.9.1\junit-platform-suite-api-1.9.1.jar;C:\Users\090\.m2\repository\org\junit\platform\junit-platform-suite-commons\1.9.1\junit-platform-suite-commons-1.9.1.jar;"/>
    <property name="java.vm.vendor" value="Amazon.com Inc."/>
    <property name="sun.arch.data.model" value="64"/>
    <property name="user.variant" value=""/>
    <property name="java.vendor.url" value="https://aws.amazon.com/corretto/"/>
    <property name="user.timezone" value="Asia/Muscat"/>
    <property name="java.vm.specification.version" value="1.8"/>
    <property name="os.name" value="Windows 10"/>
    <property name="user.country" value="RU"/>
    <property name="sun.java.launcher" value="SUN_STANDARD"/>
    <property name="sun.boot.library.path" value="C:\Users\090\.jdks\corretto-1.8.0_342\jre\bin"/>
    <property name="sun.java.command" value="C:\Users\090\AppData\Local\Temp\surefire6969558843052173287\surefirebooter1555204713585261425.jar C:\Users\090\AppData\Local\Temp\surefire6969558843052173287 2022-12-12T11-24-49_851-jvmRun1 surefire703691171065496393tmp surefire_09155374370136474526tmp"/>
    <property name="surefire.test.class.path" value="C:\IdeaProjects\TUSUR_JAVA\unit_online_tusur\target\test-classes;C:\IdeaProjects\TUSUR_JAVA\unit_online_tusur\target\classes;C:\Users\090\.m2\repository\org\junit\jupiter\junit-jupiter\5.9.0\junit-jupiter-5.9.0.jar;C:\Users\090\.m2\repository\org\junit\jupiter\junit-jupiter-api\5.9.0\junit-jupiter-api-5.9.0.jar;C:\Users\090\.m2\repository\org\opentest4j\opentest4j\1.2.0\opentest4j-1.2.0.jar;C:\Users\090\.m2\repository\org\junit\platform\junit-platform-commons\1.9.0\junit-platform-commons-1.9.0.jar;C:\Users\090\.m2\repository\org\apiguardian\apiguardian-api\1.1.2\apiguardian-api-1.1.2.jar;C:\Users\090\.m2\repository\org\junit\jupiter\junit-jupiter-engine\5.9.0\junit-jupiter-engine-5.9.0.jar;C:\Users\090\.m2\repository\org\junit\platform\junit-platform-engine\1.9.0\junit-platform-engine-1.9.0.jar;C:\Users\090\.m2\repository\org\junit\jupiter\junit-jupiter-params\5.9.0\junit-jupiter-params-5.9.0.jar;C:\Users\090\.m2\repository\org\junit\platform\junit-platform-runner\1.9.1\junit-platform-runner-1.9.1.jar;C:\Users\090\.m2\repository\junit\junit\4.13.2\junit-4.13.2.jar;C:\Users\090\.m2\repository\org\hamcrest\hamcrest-core\1.3\hamcrest-core-1.3.jar;C:\Users\090\.m2\repository\org\junit\platform\junit-platform-launcher\1.9.1\junit-platform-launcher-1.9.1.jar;C:\Users\090\.m2\repository\org\junit\platform\junit-platform-suite-api\1.9.1\junit-platform-suite-api-1.9.1.jar;C:\Users\090\.m2\repository\org\junit\platform\junit-platform-suite-commons\1.9.1\junit-platform-suite-commons-1.9.1.jar;"/>
    <property name="sun.cpu.endian" value="little"/>
    <property name="user.home" value="C:\Users\090"/>
    <property name="user.language" value="ru"/>
    <property name="java.specification.vendor" value="Oracle Corporation"/>
    <property name="java.home" value="C:\Users\090\.jdks\corretto-1.8.0_342\jre"/>
    <property name="basedir" value="C:\IdeaProjects\TUSUR_JAVA\unit_online_tusur"/>
    <property name="file.separator" value="\"/>
    <property name="line.separator" value="&#10;"/>
    <property name="java.vm.specification.vendor" value="Oracle Corporation"/>
    <property name="java.specification.name" value="Java Platform API Specification"/>
    <property name="java.awt.graphicsenv" value="sun.awt.Win32GraphicsEnvironment"/>
    <property name="surefire.real.class.path" value="C:\Users\090\AppData\Local\Temp\surefire6969558843052173287\surefirebooter1555204713585261425.jar"/>
    <property name="sun.boot.class.path" value="C:\Users\090\.jdks\corretto-1.8.0_342\jre\lib\resources.jar;C:\Users\090\.jdks\corretto-1.8.0_342\jre\lib\rt.jar;C:\Users\090\.jdks\corretto-1.8.0_342\jre\lib\sunrsasign.jar;C:\Users\090\.jdks\corretto-1.8.0_342\jre\lib\jsse.jar;C:\Users\090\.jdks\corretto-1.8.0_342\jre\lib\jce.jar;C:\Users\090\.jdks\corretto-1.8.0_342\jre\lib\charsets.jar;C:\Users\090\.jdks\corretto-1.8.0_342\jre\lib\jfr.jar;C:\Users\090\.jdks\corretto-1.8.0_342\jre\classes"/>
    <property name="user.script" value=""/>
    <property name="sun.management.compiler" value="HotSpot 64-Bit Tiered Compilers"/>
    <property name="java.runtime.version" value="1.8.0_342-b07"/>
    <property name="user.name" value="PC"/>
    <property name="path.separator" value=";"/>
    <property name="os.version" value="10.0"/>
    <property name="java.endorsed.dirs" value="C:\Users\090\.jdks\corretto-1.8.0_342\jre\lib\endorsed"/>
    <property name="java.runtime.name" value="OpenJDK Runtime Environment"/>
    <property name="file.encoding" value="Cp1251"/>
    <property name="java.vm.name" value="OpenJDK 64-Bit Server VM"/>
    <property name="localRepository" value="C:\Users\090\.m2\repository"/>
    <property name="java.vendor.url.bug" value="https://github.com/corretto/corretto-8/issues/"/>
    <property name="java.io.tmpdir" value="C:\Users\090\AppData\Local\Temp\"/>
    <property name="idea.version" value="2021.1.3"/>
    <property name="java.version" value="1.8.0_342"/>
    <property name="user.dir" value="C:\IdeaProjects\TUSUR_JAVA\unit_online_tusur"/>
    <property name="os.arch" value="amd64"/>
    <property name="java.vm.specification.name" value="Java Virtual Machine Specification"/>
    <property name="java.awt.printerjob" value="sun.awt.windows.WPrinterJob"/>
    <property name="sun.os.patch.level" value=""/>
    <property name="java.library.path" value="C:\Users\090\.jdks\corretto-1.8.0_342\jre\bin;C:\Windows\Sun\Java\bin;C:\Windows\system32;C:\Windows;C:\Program Files\Common Files\Oracle\Java\javapath;C:\Programs\Python\Python310\Scripts\;C:\Programs\Python\Python310\;C:\Python39\Scripts\;C:\Python39\;C:\Program Files (x86)\Common Files\Oracle\Java\javapath;C:\Windows\system32;C:\Windows;C:\Windows\System32\Wbem;C:\Windows\System32\WindowsPowerShell\v1.0\;C:\Windows\System32\OpenSSH\;\\FILEZ\UserWorks\Programs\Omega\Oracle\\bin;C:\Program Files\Git\cmd;C:\Program Files\nodejs\;C:\ProgramData\chocolatey\bin;C:\apache-maven-3.8.1\bin;C:\Program Files\Mullvad VPN\resources;C:\Program Files\PostgreSQL\13\bin;C:\Programs\Python\Python310\Scripts\;C:\Programs\Python\Python310\;C:\Users\090\AppData\Local\Microsoft\WindowsApps;C:\Program Files\JetBrains\IntelliJ IDEA 2021.2.1\bin;;C:\Users\090\AppData\Local\Programs\Microsoft VS Code\bin;C:\Users\090\AppData\Roaming\npm;C:\apache-maven-3.8.1\bin;C:\Program Files\JetBrains\WebStorm 2022.1\bin;;C:\Program Files\JetBrains\PyCharm Community Edition 2022.2\bin;;C:\Program Files\PostgreSQL\13\bin;;."/>
    <property name="java.vm.info" value="mixed mode"/>
    <property name="java.vendor" value="Amazon.com Inc."/>
    <property name="java.vm.version" value="25.342-b07"/>
    <property name="java.ext.dirs" value="C:\Users\090\.jdks\corretto-1.8.0_342\jre\lib\ext;C:\Windows\Sun\Java\lib\ext"/>
    <property name="sun.io.unicode.encoding" value="UnicodeLittle"/>
    <property name="java.class.version" value="52.0"/>
  </properties>
  <testcase name="setLastNameNG" classname="online_tusur.unit_online_tusur.StudentStaticTest" time="0.015">
    <failure message="expected: &lt;mashina&gt; but was: &lt;Mashina&gt;" type="org.opentest4j.AssertionFailedError"><![CDATA[org.opentest4j.AssertionFailedError: expected: <mashina> but was: <Mashina>
	at online_tusur.unit_online_tusur.StudentStaticTest.setLastNameNG(StudentStaticTest.java:93)
]]></failure>
  </testcase>
  <testcase name="getFirstNameNG" classname="online_tusur.unit_online_tusur.StudentStaticTest" time="0">
    <failure message="expected: &lt;petr&gt; but was: &lt;Petr&gt;" type="org.opentest4j.AssertionFailedError"><![CDATA[org.opentest4j.AssertionFailedError: expected: <petr> but was: <Petr>
	at online_tusur.unit_online_tusur.StudentStaticTest.getFirstNameNG(StudentStaticTest.java:33)
]]></failure>
  </testcase>
  <testcase name="getFullNameNG" classname="online_tusur.unit_online_tusur.StudentStaticTest" time="0.001">
    <failure message="expected: &lt;Petrov petr&gt; but was: &lt;Petrov Petr&gt;" type="org.opentest4j.AssertionFailedError"><![CDATA[org.opentest4j.AssertionFailedError: expected: <Petrov petr> but was: <Petrov Petr>
	at online_tusur.unit_online_tusur.StudentStaticTest.getFullNameNG(StudentStaticTest.java:137)
]]></failure>
  </testcase>
  <testcase name="setFirstNameNG2" classname="online_tusur.unit_online_tusur.StudentStaticTest" time="0.001">
    <failure message="expected: &lt;Masha Angella&gt; but was: &lt;Masha angella&gt;" type="org.opentest4j.AssertionFailedError"><![CDATA[org.opentest4j.AssertionFailedError: expected: <Masha Angella> but was: <Masha angella>
	at online_tusur.unit_online_tusur.StudentStaticTest.setFirstNameNG2(StudentStaticTest.java:61)
]]></failure>
  </testcase>
  <testcase name="maxAgeNG" classname="online_tusur.unit_online_tusur.StudentStaticTest" time="0.001">
    <failure message="expected: &lt;50&gt; but was: &lt;18&gt;" type="org.opentest4j.AssertionFailedError"><![CDATA[org.opentest4j.AssertionFailedError: expected: <50> but was: <18>
	at online_tusur.unit_online_tusur.StudentStaticTest.maxAgeNG(StudentStaticTest.java:184)
]]></failure>
  </testcase>
  <testcase name="setFirstNameNG" classname="online_tusur.unit_online_tusur.StudentStaticTest" time="0.001">
    <failure message="expected: &lt;masha&gt; but was: &lt;Masha&gt;" type="org.opentest4j.AssertionFailedError"><![CDATA[org.opentest4j.AssertionFailedError: expected: <masha> but was: <Masha>
	at online_tusur.unit_online_tusur.StudentStaticTest.setFirstNameNG(StudentStaticTest.java:51)
]]></failure>
  </testcase>
  <testcase name="setAgeNG" classname="online_tusur.unit_online_tusur.StudentStaticTest" time="0.001">
    <failure message="expected: &lt;10&gt; but was: &lt;18&gt;" type="org.opentest4j.AssertionFailedError"><![CDATA[org.opentest4j.AssertionFailedError: expected: <10> but was: <18>
	at online_tusur.unit_online_tusur.StudentStaticTest.setAgeNG(StudentStaticTest.java:129)
]]></failure>
  </testcase>
  <testcase name="getLastNameNG" classname="online_tusur.unit_online_tusur.StudentStaticTest" time="0.001">
    <failure message="expected: &lt;petrov&gt; but was: &lt;Petrov&gt;" type="org.opentest4j.AssertionFailedError"><![CDATA[org.opentest4j.AssertionFailedError: expected: <petrov> but was: <Petrov>
	at online_tusur.unit_online_tusur.StudentStaticTest.getLastNameNG(StudentStaticTest.java:76)
]]></failure>
  </testcase>
  <testcase name="avgAgeNG" classname="online_tusur.unit_online_tusur.StudentStaticTest" time="0.001">
    <failure message="expected: &lt;28&gt; but was: &lt;18&gt;" type="org.opentest4j.AssertionFailedError"><![CDATA[org.opentest4j.AssertionFailedError: expected: <28> but was: <18>
	at online_tusur.unit_online_tusur.StudentStaticTest.avgAgeNG(StudentStaticTest.java:160)
]]></failure>
  </testcase>
  <testcase name="getAgeNG" classname="online_tusur.unit_online_tusur.StudentStaticTest" time="0">
    <failure message="expected: &lt;52&gt; but was: &lt;18&gt;" type="org.opentest4j.AssertionFailedError"><![CDATA[org.opentest4j.AssertionFailedError: expected: <52> but was: <18>
	at online_tusur.unit_online_tusur.StudentStaticTest.getAgeNG(StudentStaticTest.java:109)
]]></failure>
  </testcase>
</testsuite>